[1.305s] Invoking command in '/home/vboxuser/ros2_ws/build/rclpy': CMAKE_PREFIX_PATH=/home/vboxuser/ros2_ws/src/install/moja_paczka:/home/vboxuser/ros2_ws/install/moja_paczka:/opt/ros/humble /usr/bin/cmake /home/vboxuser/ros2_ws/src/rclpy/rclpy -DAMENT_CMAKE_SYMLINK_INSTALL=1 -DCMAKE_INSTALL_PREFIX=/home/vboxuser/ros2_ws/install/rclpy
[1.429s] -- Found ament_cmake: 1.3.6 (/opt/ros/humble/share/ament_cmake/cmake)
[1.809s] -- Found Python3: /usr/bin/python3.10 (found version "3.10.12") found components: Interpreter 
[2.207s] -- Override CMake install command with custom implementation using symlinks instead of copying resources
[2.275s] -- Found lifecycle_msgs: 1.2.1 (/opt/ros/humble/share/lifecycle_msgs/cmake)
[2.545s] -- Found rosidl_generator_c: 3.1.5 (/opt/ros/humble/share/rosidl_generator_c/cmake)
[2.593s] -- Found rosidl_adapter: 3.1.5 (/opt/ros/humble/share/rosidl_adapter/cmake)
[2.671s] -- Found rosidl_generator_cpp: 3.1.5 (/opt/ros/humble/share/rosidl_generator_cpp/cmake)
[2.800s] -- Using all available rosidl_typesupport_c: rosidl_typesupport_fastrtps_c;rosidl_typesupport_introspection_c
[2.964s] -- Using all available rosidl_typesupport_cpp: rosidl_typesupport_fastrtps_cpp;rosidl_typesupport_introspection_cpp
[3.039s] -- Found rcl: 5.3.6 (/opt/ros/humble/share/rcl/cmake)
[3.488s] -- Found rmw_implementation_cmake: 6.1.1 (/opt/ros/humble/share/rmw_implementation_cmake/cmake)
[3.499s] -- Found rmw_fastrtps_cpp: 6.2.5 (/opt/ros/humble/share/rmw_fastrtps_cpp/cmake)
[4.311s] -- Using RMW implementation 'rmw_fastrtps_cpp' as default
[4.447s] -- Found rcl_action: 5.3.6 (/opt/ros/humble/share/rcl_action/cmake)
[5.273s] -- Found rcl_lifecycle: 5.3.6 (/opt/ros/humble/share/rcl_lifecycle/cmake)
[5.633s] -- Found Python3: /usr/bin/python3.10 (found version "3.10.12") found components: Interpreter Development Development.Module Development.Embed 
[5.649s] -- Found pybind11_vendor: 2.4.2 (/opt/ros/humble/share/pybind11_vendor/cmake)
[5.662s] -- Found pybind11: /usr/include (found version "2.9.1")
[6.025s] -- Found ament_lint_auto: 0.12.9 (/opt/ros/humble/share/ament_lint_auto/cmake)
[6.940s] -- Found gtest sources under '/opt/ros/humble/src/gtest_vendor': C++ tests using 'Google Test' will be built
[51.985s] -- Added test 'copyright' to check source files copyright and LICENSE
[52.018s] -- Added test 'cpplint' to check C / C++ code against the Google style
[52.019s] -- Configured cpplint exclude dirs and/or files: 
[52.026s] -- Added test 'flake8' to check Python code syntax and style conventions
[52.034s] -- Added test 'lint_cmake' to check CMake code style
[52.043s] -- Added test 'pep257' to check Python code against some of the docstring style conventions in PEP 257
[52.081s] -- Added test 'uncrustify' to check C / C++ code style
[52.081s] -- Configured uncrustify additional arguments: 
[52.087s] -- Added test 'xmllint' to check XML markup files
[52.093s] -- Configuring done
[52.203s] -- Generating done
[52.213s] -- Build files have been written to: /home/vboxuser/ros2_ws/build/rclpy
[52.245s] Invoked command in '/home/vboxuser/ros2_ws/build/rclpy' returned '0': CMAKE_PREFIX_PATH=/home/vboxuser/ros2_ws/src/install/moja_paczka:/home/vboxuser/ros2_ws/install/moja_paczka:/opt/ros/humble /usr/bin/cmake /home/vboxuser/ros2_ws/src/rclpy/rclpy -DAMENT_CMAKE_SYMLINK_INSTALL=1 -DCMAKE_INSTALL_PREFIX=/home/vboxuser/ros2_ws/install/rclpy
[52.246s] Invoking command in '/home/vboxuser/ros2_ws/build/rclpy': CMAKE_PREFIX_PATH=/home/vboxuser/ros2_ws/src/install/moja_paczka:/home/vboxuser/ros2_ws/install/moja_paczka:/opt/ros/humble /usr/bin/cmake --build /home/vboxuser/ros2_ws/build/rclpy -- -j2 -l2
[52.439s] [  0%] Built target ament_cmake_python_symlink_rclpy
[52.484s] [35m[1mConsolidate compiler generated dependencies of target _rclpy_pybind11[0m
[52.550s] [  2%] [32mBuilding CXX object CMakeFiles/_rclpy_pybind11.dir/src/rclpy/_rclpy_logging.cpp.o[0m
[55.628s] [01m[K/home/vboxuser/ros2_ws/src/rclpy/rclpy/src/rclpy/_rclpy_logging.cpp:[m[K In function â€˜[01m[Kbool rclpy_logging_rosout_add_sublogger(const char*, const char*)[m[Kâ€™:
[55.628s] [01m[K/home/vboxuser/ros2_ws/src/rclpy/rclpy/src/rclpy/_rclpy_logging.cpp:213:23:[m[K [01;31m[Kerror: [m[Kâ€˜[01m[Krcl_logging_rosout_add_sublogger[m[Kâ€™ was not declared in this scope; did you mean â€˜[01m[Krclpy_logging_rosout_add_sublogger[m[Kâ€™?
[55.628s]   213 |   rcl_ret_t rcl_ret = [01;31m[Krcl_logging_rosout_add_sublogger[m[K(logger_name, sublogger_name);
[55.628s]       |                       [01;31m[K^~~~~~~~~~~~~~~~~~~~~~~~~~~~~~~~[m[K
[55.629s]       |                       [32m[Krclpy_logging_rosout_add_sublogger[m[K
[55.655s] [01m[K/home/vboxuser/ros2_ws/src/rclpy/rclpy/src/rclpy/_rclpy_logging.cpp:216:14:[m[K [01;31m[Kerror: [m[Kâ€˜[01m[KRCL_RET_NOT_FOUND[m[Kâ€™ was not declared in this scope; did you mean â€˜[01m[KRCUTILS_RET_NOT_FOUND[m[Kâ€™?
[55.655s]   216 |   } else if ([01;31m[KRCL_RET_NOT_FOUND[m[K == rcl_ret) {
[55.655s]       |              [01;31m[K^~~~~~~~~~~~~~~~~[m[K
[55.656s]       |              [32m[KRCUTILS_RET_NOT_FOUND[m[K
[55.668s] [01m[K/home/vboxuser/ros2_ws/src/rclpy/rclpy/src/rclpy/_rclpy_logging.cpp:[m[K In function â€˜[01m[Kvoid rclpy_logging_rosout_remove_sublogger(const char*, const char*)[m[Kâ€™:
[55.668s] [01m[K/home/vboxuser/ros2_ws/src/rclpy/rclpy/src/rclpy/_rclpy_logging.cpp:230:23:[m[K [01;31m[Kerror: [m[Kâ€˜[01m[Krcl_logging_rosout_remove_sublogger[m[Kâ€™ was not declared in this scope; did you mean â€˜[01m[Krclpy_logging_rosout_remove_sublogger[m[Kâ€™?
[55.668s]   230 |   rcl_ret_t rcl_ret = [01;31m[Krcl_logging_rosout_remove_sublogger[m[K(logger_name, sublogger_name);
[55.668s]       |                       [01;31m[K^~~~~~~~~~~~~~~~~~~~~~~~~~~~~~~~~~~[m[K
[55.668s]       |                       [32m[Krclpy_logging_rosout_remove_sublogger[m[K
[57.449s] [01m[K/home/vboxuser/ros2_ws/src/rclpy/rclpy/src/rclpy/_rclpy_logging.cpp:[m[K In function â€˜[01m[Kbool rclpy_logging_rosout_add_sublogger(const char*, const char*)[m[Kâ€™:
[57.449s] [01m[K/home/vboxuser/ros2_ws/src/rclpy/rclpy/src/rclpy/_rclpy_logging.cpp:223:1:[m[K [01;35m[Kwarning: [m[Kcontrol reaches end of non-void function [[01;35m[K]8;;https://gcc.gnu.org/onlinedocs/gcc/Warning-Options.html#index-Wreturn-type-Wreturn-type]8;;[m[K]
[57.450s]   223 | [01;35m[K}[m[K
[57.450s]       | [01;35m[K^[m[K
[57.799s] gmake[2]: *** [CMakeFiles/_rclpy_pybind11.dir/build.make:76: CMakeFiles/_rclpy_pybind11.dir/src/rclpy/_rclpy_logging.cpp.o] Error 1
[57.800s] gmake[1]: *** [CMakeFiles/Makefile2:212: CMakeFiles/_rclpy_pybind11.dir/all] Error 2
[57.805s] gmake: *** [Makefile:146: all] Error 2
[57.812s] Invoked command in '/home/vboxuser/ros2_ws/build/rclpy' returned '2': CMAKE_PREFIX_PATH=/home/vboxuser/ros2_ws/src/install/moja_paczka:/home/vboxuser/ros2_ws/install/moja_paczka:/opt/ros/humble /usr/bin/cmake --build /home/vboxuser/ros2_ws/build/rclpy -- -j2 -l2
