[1.628s] Invoking command in '/home/vboxuser/ros2_ws/build/rclpy': CMAKE_PREFIX_PATH=/opt/ros/humble /usr/bin/cmake /home/vboxuser/ros2_ws/src/rclpy/rclpy -DCMAKE_INSTALL_PREFIX=/home/vboxuser/ros2_ws/install/rclpy
[1.750s] -- Found ament_cmake: 1.3.6 (/opt/ros/humble/share/ament_cmake/cmake)
[2.219s] -- Found Python3: /usr/bin/python3.10 (found version "3.10.12") found components: Interpreter 
[2.619s] -- Override CMake install command with custom implementation using symlinks instead of copying resources
[2.702s] -- Found lifecycle_msgs: 1.2.1 (/opt/ros/humble/share/lifecycle_msgs/cmake)
[2.935s] -- Found rosidl_generator_c: 3.1.5 (/opt/ros/humble/share/rosidl_generator_c/cmake)
[2.999s] -- Found rosidl_adapter: 3.1.5 (/opt/ros/humble/share/rosidl_adapter/cmake)
[3.076s] -- Found rosidl_generator_cpp: 3.1.5 (/opt/ros/humble/share/rosidl_generator_cpp/cmake)
[3.201s] -- Using all available rosidl_typesupport_c: rosidl_typesupport_fastrtps_c;rosidl_typesupport_introspection_c
[3.391s] -- Using all available rosidl_typesupport_cpp: rosidl_typesupport_fastrtps_cpp;rosidl_typesupport_introspection_cpp
[3.499s] -- Found rcl: 5.3.6 (/opt/ros/humble/share/rcl/cmake)
[4.193s] -- Found rmw_implementation_cmake: 6.1.1 (/opt/ros/humble/share/rmw_implementation_cmake/cmake)
[4.200s] -- Found rmw_fastrtps_cpp: 6.2.5 (/opt/ros/humble/share/rmw_fastrtps_cpp/cmake)
[5.079s] -- Using RMW implementation 'rmw_fastrtps_cpp' as default
[5.141s] -- Found rcl_action: 5.3.6 (/opt/ros/humble/share/rcl_action/cmake)
[6.110s] -- Found rcl_lifecycle: 5.3.6 (/opt/ros/humble/share/rcl_lifecycle/cmake)
[6.631s] -- Found Python3: /usr/bin/python3.10 (found version "3.10.12") found components: Interpreter Development Development.Module Development.Embed 
[6.641s] -- Found pybind11_vendor: 2.4.2 (/opt/ros/humble/share/pybind11_vendor/cmake)
[6.684s] -- Found pybind11: /usr/include (found version "2.9.1")
[7.487s] -- Found ament_lint_auto: 0.12.9 (/opt/ros/humble/share/ament_lint_auto/cmake)
[8.504s] -- Found gtest sources under '/opt/ros/humble/src/gtest_vendor': C++ tests using 'Google Test' will be built
[66.895s] -- Added test 'copyright' to check source files copyright and LICENSE
[66.916s] -- Added test 'cpplint' to check C / C++ code against the Google style
[66.916s] -- Configured cpplint exclude dirs and/or files: 
[66.920s] -- Added test 'flake8' to check Python code syntax and style conventions
[66.928s] -- Added test 'lint_cmake' to check CMake code style
[66.934s] -- Added test 'pep257' to check Python code against some of the docstring style conventions in PEP 257
[66.962s] -- Added test 'uncrustify' to check C / C++ code style
[66.962s] -- Configured uncrustify additional arguments: 
[66.970s] -- Added test 'xmllint' to check XML markup files
[66.978s] -- Configuring done
[67.068s] -- Generating done
[67.081s] -- Build files have been written to: /home/vboxuser/ros2_ws/build/rclpy
[67.113s] Invoked command in '/home/vboxuser/ros2_ws/build/rclpy' returned '0': CMAKE_PREFIX_PATH=/opt/ros/humble /usr/bin/cmake /home/vboxuser/ros2_ws/src/rclpy/rclpy -DCMAKE_INSTALL_PREFIX=/home/vboxuser/ros2_ws/install/rclpy
[67.122s] Invoking command in '/home/vboxuser/ros2_ws/build/rclpy': CMAKE_PREFIX_PATH=/opt/ros/humble /usr/bin/cmake --build /home/vboxuser/ros2_ws/build/rclpy -- -j2 -l2
[67.333s] [  0%] Built target ament_cmake_python_symlink_rclpy
[67.374s] [35m[1mConsolidate compiler generated dependencies of target _rclpy_pybind11[0m
[67.427s] [  2%] [32mBuilding CXX object CMakeFiles/_rclpy_pybind11.dir/src/rclpy/_rclpy_logging.cpp.o[0m
[70.576s] [01m[K/home/vboxuser/ros2_ws/src/rclpy/rclpy/src/rclpy/_rclpy_logging.cpp:[m[K In function â€˜[01m[Kbool rclpy_logging_rosout_add_sublogger(const char*, const char*)[m[Kâ€™:
[70.576s] [01m[K/home/vboxuser/ros2_ws/src/rclpy/rclpy/src/rclpy/_rclpy_logging.cpp:213:23:[m[K [01;31m[Kerror: [m[Kâ€˜[01m[Krcl_logging_rosout_add_sublogger[m[Kâ€™ was not declared in this scope; did you mean â€˜[01m[Krclpy_logging_rosout_add_sublogger[m[Kâ€™?
[70.576s]   213 |   rcl_ret_t rcl_ret = [01;31m[Krcl_logging_rosout_add_sublogger[m[K(logger_name, sublogger_name);
[70.577s]       |                       [01;31m[K^~~~~~~~~~~~~~~~~~~~~~~~~~~~~~~~[m[K
[70.577s]       |                       [32m[Krclpy_logging_rosout_add_sublogger[m[K
[70.601s] [01m[K/home/vboxuser/ros2_ws/src/rclpy/rclpy/src/rclpy/_rclpy_logging.cpp:216:14:[m[K [01;31m[Kerror: [m[Kâ€˜[01m[KRCL_RET_NOT_FOUND[m[Kâ€™ was not declared in this scope; did you mean â€˜[01m[KRCUTILS_RET_NOT_FOUND[m[Kâ€™?
[70.601s]   216 |   } else if ([01;31m[KRCL_RET_NOT_FOUND[m[K == rcl_ret) {
[70.601s]       |              [01;31m[K^~~~~~~~~~~~~~~~~[m[K
[70.601s]       |              [32m[KRCUTILS_RET_NOT_FOUND[m[K
[70.615s] [01m[K/home/vboxuser/ros2_ws/src/rclpy/rclpy/src/rclpy/_rclpy_logging.cpp:[m[K In function â€˜[01m[Kvoid rclpy_logging_rosout_remove_sublogger(const char*, const char*)[m[Kâ€™:
[70.615s] [01m[K/home/vboxuser/ros2_ws/src/rclpy/rclpy/src/rclpy/_rclpy_logging.cpp:230:23:[m[K [01;31m[Kerror: [m[Kâ€˜[01m[Krcl_logging_rosout_remove_sublogger[m[Kâ€™ was not declared in this scope; did you mean â€˜[01m[Krclpy_logging_rosout_remove_sublogger[m[Kâ€™?
[70.615s]   230 |   rcl_ret_t rcl_ret = [01;31m[Krcl_logging_rosout_remove_sublogger[m[K(logger_name, sublogger_name);
[70.615s]       |                       [01;31m[K^~~~~~~~~~~~~~~~~~~~~~~~~~~~~~~~~~~[m[K
[70.615s]       |                       [32m[Krclpy_logging_rosout_remove_sublogger[m[K
[72.818s] [01m[K/home/vboxuser/ros2_ws/src/rclpy/rclpy/src/rclpy/_rclpy_logging.cpp:[m[K In function â€˜[01m[Kbool rclpy_logging_rosout_add_sublogger(const char*, const char*)[m[Kâ€™:
[72.818s] [01m[K/home/vboxuser/ros2_ws/src/rclpy/rclpy/src/rclpy/_rclpy_logging.cpp:223:1:[m[K [01;35m[Kwarning: [m[Kcontrol reaches end of non-void function [[01;35m[K]8;;https://gcc.gnu.org/onlinedocs/gcc/Warning-Options.html#index-Wreturn-type-Wreturn-type]8;;[m[K]
[72.818s]   223 | [01;35m[K}[m[K
[72.818s]       | [01;35m[K^[m[K
[73.441s] gmake[2]: *** [CMakeFiles/_rclpy_pybind11.dir/build.make:76: CMakeFiles/_rclpy_pybind11.dir/src/rclpy/_rclpy_logging.cpp.o] Error 1
[73.443s] gmake[1]: *** [CMakeFiles/Makefile2:212: CMakeFiles/_rclpy_pybind11.dir/all] Error 2
[73.443s] gmake: *** [Makefile:146: all] Error 2
[73.452s] Invoked command in '/home/vboxuser/ros2_ws/build/rclpy' returned '2': CMAKE_PREFIX_PATH=/opt/ros/humble /usr/bin/cmake --build /home/vboxuser/ros2_ws/build/rclpy -- -j2 -l2
